#! /usr/bin/vvp
:ivl_version "10.3 (stable)";
:ivl_delay_selection "TYPICAL";
:vpi_time_precision - 11;
:vpi_module "system";
:vpi_module "vhdl_sys";
:vpi_module "v2005_math";
:vpi_module "va_math";
S_0x557390455780 .scope module, "ScalarMul_tb" "ScalarMul_tb" 2 13;
 .timescale -9 -11;
P_0x55739046dd10 .param/l "ScalarMul_latency" 1 2 27, +C4<00000000000000000000000100011100>;
v0x55739049f050_0 .var *"_s0", 0 0; Local signal
v0x55739049f150_0 .var "clock", 0 0;
v0x55739049f210_0 .var "reset", 0 0;
v0x55739049f2b0_0 .net "sink__dfc_wire_4873__dfc_wire_4873", 15 0, L_0x5573904a0590;  1 drivers
v0x55739049f350_0 .var "source__dfc_wire_4852__dfc_wire_4853", 15 0;
v0x55739049f490_0 .var "source__dfc_wire_4853__dfc_wire_4853", 15 0;
v0x55739049f5a0_0 .var "source__dfc_wire_4854__dfc_wire_4853", 15 0;
v0x55739049f6b0_0 .var "source__dfc_wire_4855__dfc_wire_4853", 15 0;
v0x55739049f7c0_0 .var "source__dfc_wire_4856__dfc_wire_4853", 15 0;
v0x55739049f880_0 .var "source__dfc_wire_4857__dfc_wire_4853", 15 0;
S_0x55739046ef90 .scope module, "DUT" "ScalarMul" 2 29, 3 1 0, S_0x557390455780;
 .timescale -9 -11;
    .port_info 0 /INPUT 1 "clock"
    .port_info 1 /INPUT 1 "reset"
    .port_info 2 /INPUT 16 "source__dfc_wire_4853__dfc_wire_4853"
    .port_info 3 /INPUT 16 "source__dfc_wire_4857__dfc_wire_4853"
    .port_info 4 /INPUT 16 "source__dfc_wire_4854__dfc_wire_4853"
    .port_info 5 /INPUT 16 "source__dfc_wire_4855__dfc_wire_4853"
    .port_info 6 /INPUT 16 "source__dfc_wire_4856__dfc_wire_4853"
    .port_info 7 /INPUT 16 "source__dfc_wire_4852__dfc_wire_4853"
    .port_info 8 /OUTPUT 16 "sink__dfc_wire_4873__dfc_wire_4873"
v0x55739049dea0_0 .net "_ADD2168__dfc_wire_4866", 15 0, L_0x5573904a0250;  1 drivers
v0x55739049dfd0_0 .net "_MUL2166__dfc_wire_4859", 15 0, L_0x55739049ff30;  1 drivers
v0x55739049e0e0_0 .net "_MUL2167__dfc_wire_4859", 15 0, L_0x5573904a00c0;  1 drivers
v0x55739049e1d0_0 .net "_MUL2169__dfc_wire_4859", 15 0, L_0x5573904a0450;  1 drivers
v0x55739049e2e0_0 .net "_delay_fixed_16_0_1_12_14_out", 15 0, v0x55739049b2e0_0;  1 drivers
v0x55739049e440_0 .net "_delay_fixed_16_0_1_12_16_out", 15 0, v0x55739049bc20_0;  1 drivers
v0x55739049e550_0 .net "_delay_fixed_16_0_1_22_15_out", 15 0, v0x55739049c5d0_0;  1 drivers
v0x55739049e660_0 .net "_delay_fixed_16_0_1_66_13_out", 15 0, v0x55739049cf80_0;  1 drivers
v0x55739049e770_0 .net "_delay_fixed_16_0_1_8_12_out", 15 0, v0x55739049d8f0_0;  1 drivers
v0x55739049e830_0 .net "clock", 0 0, v0x55739049f150_0;  1 drivers
v0x55739049e8d0_0 .net "reset", 0 0, v0x55739049f210_0;  1 drivers
v0x55739049e970_0 .net "sink__dfc_wire_4873__dfc_wire_4873", 15 0, L_0x5573904a0590;  alias, 1 drivers
v0x55739049ea30_0 .net "source__dfc_wire_4852__dfc_wire_4853", 15 0, v0x55739049f350_0;  1 drivers
v0x55739049ead0_0 .net "source__dfc_wire_4853__dfc_wire_4853", 15 0, v0x55739049f490_0;  1 drivers
v0x55739049eb70_0 .net "source__dfc_wire_4854__dfc_wire_4853", 15 0, v0x55739049f5a0_0;  1 drivers
v0x55739049ec10_0 .net "source__dfc_wire_4855__dfc_wire_4853", 15 0, v0x55739049f6b0_0;  1 drivers
v0x55739049ecb0_0 .net "source__dfc_wire_4856__dfc_wire_4853", 15 0, v0x55739049f7c0_0;  1 drivers
v0x55739049ee60_0 .net "source__dfc_wire_4857__dfc_wire_4853", 15 0, v0x55739049f880_0;  1 drivers
S_0x55739046a890 .scope module, "ADD2168" "ADD_2x1" 3 36, 4 11 0, S_0x55739046ef90;
 .timescale 0 0;
    .port_info 0 /INPUT 1 "clock"
    .port_info 1 /INPUT 1 "reset"
    .port_info 2 /INPUT 16 "_dfc_wire_4859"
    .port_info 3 /INPUT 16 "_dfc_wire_4863"
    .port_info 4 /OUTPUT 16 "_dfc_wire_4866"
v0x55739047a610_0 .net "_dfc_wire_4859", 15 0, L_0x55739049ff30;  alias, 1 drivers
v0x55739047ae70_0 .net "_dfc_wire_4863", 15 0, v0x55739049b2e0_0;  alias, 1 drivers
v0x557390452a80_0 .net "_dfc_wire_4866", 15 0, L_0x5573904a0250;  alias, 1 drivers
v0x557390454010_0 .net/s *"_s2", 15 0, L_0x5573904a02f0;  1 drivers
v0x557390478080_0 .net "clock", 0 0, v0x55739049f150_0;  alias, 1 drivers
v0x557390479740_0 .net "reset", 0 0, v0x55739049f210_0;  alias, 1 drivers
L_0x5573904a0250 .part L_0x5573904a02f0, 0, 16;
L_0x5573904a02f0 .arith/sum 16, L_0x55739049ff30, v0x55739049b2e0_0;
S_0x557390498e70 .scope module, "ADD2170" "ADD_2x1" 3 50, 4 11 0, S_0x55739046ef90;
 .timescale 0 0;
    .port_info 0 /INPUT 1 "clock"
    .port_info 1 /INPUT 1 "reset"
    .port_info 2 /INPUT 16 "_dfc_wire_4859"
    .port_info 3 /INPUT 16 "_dfc_wire_4863"
    .port_info 4 /OUTPUT 16 "_dfc_wire_4866"
v0x5573904990e0_0 .net "_dfc_wire_4859", 15 0, L_0x5573904a0250;  alias, 1 drivers
v0x5573904991a0_0 .net "_dfc_wire_4863", 15 0, v0x55739049d8f0_0;  alias, 1 drivers
v0x557390499260_0 .net "_dfc_wire_4866", 15 0, L_0x5573904a0590;  alias, 1 drivers
v0x557390499350_0 .net/s *"_s2", 15 0, L_0x5573904a0630;  1 drivers
v0x557390499430_0 .net "clock", 0 0, v0x55739049f150_0;  alias, 1 drivers
v0x557390499520_0 .net "reset", 0 0, v0x55739049f210_0;  alias, 1 drivers
L_0x5573904a0590 .part L_0x5573904a0630, 0, 16;
L_0x5573904a0630 .arith/sum 16, L_0x5573904a0250, v0x55739049d8f0_0;
S_0x557390499680 .scope module, "MUL2166" "MUL_2x1" 3 22, 4 44 0, S_0x55739046ef90;
 .timescale 0 0;
    .port_info 0 /INPUT 1 "clock"
    .port_info 1 /INPUT 1 "reset"
    .port_info 2 /INPUT 16 "_dfc_wire_4852"
    .port_info 3 /INPUT 16 "_dfc_wire_4855"
    .port_info 4 /OUTPUT 16 "_dfc_wire_4859"
v0x557390499900_0 .net "_dfc_wire_4852", 15 0, v0x55739049f350_0;  alias, 1 drivers
v0x5573904999e0_0 .net "_dfc_wire_4855", 15 0, v0x55739049bc20_0;  alias, 1 drivers
v0x557390499ac0_0 .net "_dfc_wire_4859", 15 0, L_0x55739049ff30;  alias, 1 drivers
v0x557390499bc0_0 .net/s *"_s3", 15 0, L_0x55739049ffd0;  1 drivers
v0x557390499c80_0 .net "clock", 0 0, v0x55739049f150_0;  alias, 1 drivers
v0x557390499dc0_0 .net "reset", 0 0, v0x55739049f210_0;  alias, 1 drivers
L_0x55739049ff30 .part L_0x55739049ffd0, 0, 16;
L_0x55739049ffd0 .arith/mult 16, v0x55739049f350_0, v0x55739049bc20_0;
S_0x557390499f50 .scope module, "MUL2167" "MUL_2x1" 3 29, 4 44 0, S_0x55739046ef90;
 .timescale 0 0;
    .port_info 0 /INPUT 1 "clock"
    .port_info 1 /INPUT 1 "reset"
    .port_info 2 /INPUT 16 "_dfc_wire_4852"
    .port_info 3 /INPUT 16 "_dfc_wire_4855"
    .port_info 4 /OUTPUT 16 "_dfc_wire_4859"
v0x55739049a1a0_0 .net "_dfc_wire_4852", 15 0, v0x55739049c5d0_0;  alias, 1 drivers
v0x55739049a2a0_0 .net "_dfc_wire_4855", 15 0, v0x55739049f7c0_0;  alias, 1 drivers
v0x55739049a380_0 .net "_dfc_wire_4859", 15 0, L_0x5573904a00c0;  alias, 1 drivers
v0x55739049a440_0 .net/s *"_s3", 15 0, L_0x5573904a0160;  1 drivers
v0x55739049a520_0 .net "clock", 0 0, v0x55739049f150_0;  alias, 1 drivers
v0x55739049a610_0 .net "reset", 0 0, v0x55739049f210_0;  alias, 1 drivers
L_0x5573904a00c0 .part L_0x5573904a0160, 0, 16;
L_0x5573904a0160 .arith/mult 16, v0x55739049c5d0_0, v0x55739049f7c0_0;
S_0x55739049a750 .scope module, "MUL2169" "MUL_2x1" 3 43, 4 44 0, S_0x55739046ef90;
 .timescale 0 0;
    .port_info 0 /INPUT 1 "clock"
    .port_info 1 /INPUT 1 "reset"
    .port_info 2 /INPUT 16 "_dfc_wire_4852"
    .port_info 3 /INPUT 16 "_dfc_wire_4855"
    .port_info 4 /OUTPUT 16 "_dfc_wire_4859"
v0x55739049a9f0_0 .net "_dfc_wire_4852", 15 0, v0x55739049cf80_0;  alias, 1 drivers
v0x55739049aaf0_0 .net "_dfc_wire_4855", 15 0, v0x55739049f880_0;  alias, 1 drivers
v0x55739049abd0_0 .net "_dfc_wire_4859", 15 0, L_0x5573904a0450;  alias, 1 drivers
v0x55739049ac90_0 .net/s *"_s3", 15 0, L_0x5573904a04f0;  1 drivers
v0x55739049ad70_0 .net "clock", 0 0, v0x55739049f150_0;  alias, 1 drivers
v0x55739049ae60_0 .net "reset", 0 0, v0x55739049f210_0;  alias, 1 drivers
L_0x5573904a0450 .part L_0x5573904a04f0, 0, 16;
L_0x5573904a04f0 .arith/mult 16, v0x55739049cf80_0, v0x55739049f880_0;
S_0x55739049afa0 .scope module, "delay_fixed_16_0_1_12_14" "delay_fixed_16_0_1_12" 3 69, 4 77 0, S_0x55739046ef90;
 .timescale 0 0;
    .port_info 0 /INPUT 1 "clock"
    .port_info 1 /INPUT 1 "reset"
    .port_info 2 /INPUT 16 "in"
    .port_info 3 /OUTPUT 16 "out"
v0x55739049b160_0 .net "clock", 0 0, v0x55739049f150_0;  alias, 1 drivers
v0x55739049b220_0 .net "in", 15 0, L_0x5573904a00c0;  alias, 1 drivers
v0x55739049b2e0_0 .var "out", 15 0;
v0x55739049b3e0_0 .net "reset", 0 0, v0x55739049f210_0;  alias, 1 drivers
v0x55739049b480_0 .var "s0", 31 0;
v0x55739049b520_0 .var "s1", 31 0;
v0x55739049b600_0 .var "s2", 31 0;
v0x55739049b6e0_0 .var "state", 31 0;
E_0x55739041fae0 .event posedge, v0x557390478080_0;
S_0x55739049b840 .scope module, "delay_fixed_16_0_1_12_16" "delay_fixed_16_0_1_12" 3 81, 4 77 0, S_0x55739046ef90;
 .timescale 0 0;
    .port_info 0 /INPUT 1 "clock"
    .port_info 1 /INPUT 1 "reset"
    .port_info 2 /INPUT 16 "in"
    .port_info 3 /OUTPUT 16 "out"
v0x55739049ba80_0 .net "clock", 0 0, v0x55739049f150_0;  alias, 1 drivers
v0x55739049bb40_0 .net "in", 15 0, v0x55739049f6b0_0;  alias, 1 drivers
v0x55739049bc20_0 .var "out", 15 0;
v0x55739049bd20_0 .net "reset", 0 0, v0x55739049f210_0;  alias, 1 drivers
v0x55739049bdc0_0 .var "s0", 31 0;
v0x55739049bed0_0 .var "s1", 31 0;
v0x55739049bfb0_0 .var "s2", 31 0;
v0x55739049c090_0 .var "state", 31 0;
S_0x55739049c1f0 .scope module, "delay_fixed_16_0_1_22_15" "delay_fixed_16_0_1_22" 3 75, 4 126 0, S_0x55739046ef90;
 .timescale 0 0;
    .port_info 0 /INPUT 1 "clock"
    .port_info 1 /INPUT 1 "reset"
    .port_info 2 /INPUT 16 "in"
    .port_info 3 /OUTPUT 16 "out"
v0x55739049c430_0 .net "clock", 0 0, v0x55739049f150_0;  alias, 1 drivers
v0x55739049c4f0_0 .net "in", 15 0, v0x55739049f490_0;  alias, 1 drivers
v0x55739049c5d0_0 .var "out", 15 0;
v0x55739049c6d0_0 .net "reset", 0 0, v0x55739049f210_0;  alias, 1 drivers
v0x55739049c770_0 .var "s0", 31 0;
v0x55739049c880_0 .var "s1", 31 0;
v0x55739049c960_0 .var "s2", 31 0;
v0x55739049ca40_0 .var "state", 31 0;
S_0x55739049cba0 .scope module, "delay_fixed_16_0_1_66_13" "delay_fixed_16_0_1_66" 3 63, 4 175 0, S_0x55739046ef90;
 .timescale 0 0;
    .port_info 0 /INPUT 1 "clock"
    .port_info 1 /INPUT 1 "reset"
    .port_info 2 /INPUT 16 "in"
    .port_info 3 /OUTPUT 16 "out"
v0x55739049cde0_0 .net "clock", 0 0, v0x55739049f150_0;  alias, 1 drivers
v0x55739049cea0_0 .net "in", 15 0, v0x55739049f5a0_0;  alias, 1 drivers
v0x55739049cf80_0 .var "out", 15 0;
v0x55739049d080_0 .net "reset", 0 0, v0x55739049f210_0;  alias, 1 drivers
v0x55739049d120_0 .var "s0", 31 0;
v0x55739049d1e0_0 .var "s1", 31 0;
v0x55739049d2c0_0 .var "s2", 31 0;
v0x55739049d3a0_0 .var "state", 31 0;
S_0x55739049d500 .scope module, "delay_fixed_16_0_1_8_12" "delay_fixed_16_0_1_8" 3 57, 4 224 0, S_0x55739046ef90;
 .timescale 0 0;
    .port_info 0 /INPUT 1 "clock"
    .port_info 1 /INPUT 1 "reset"
    .port_info 2 /INPUT 16 "in"
    .port_info 3 /OUTPUT 16 "out"
v0x55739049d740_0 .net "clock", 0 0, v0x55739049f150_0;  alias, 1 drivers
v0x55739049d800_0 .net "in", 15 0, L_0x5573904a0450;  alias, 1 drivers
v0x55739049d8f0_0 .var "out", 15 0;
v0x55739049d9f0_0 .net "reset", 0 0, v0x55739049f210_0;  alias, 1 drivers
v0x55739049da90_0 .var "s0", 31 0;
v0x55739049db80_0 .var "s1", 31 0;
v0x55739049dc60_0 .var "s2", 31 0;
v0x55739049dd40_0 .var "state", 31 0;
S_0x557390455950 .scope module, "sink_1x0" "sink_1x0" 4 273;
 .timescale 0 0;
    .port_info 0 /INPUT 1 "clock"
    .port_info 1 /INPUT 1 "reset"
    .port_info 2 /INPUT 16 "_dfc_wire_4873"
o0x7faa3cf87278 .functor BUFZ 16, C4<zzzzzzzzzzzzzzzz>; HiZ drive
v0x55739049f990_0 .net "_dfc_wire_4873", 15 0, o0x7faa3cf87278;  0 drivers
o0x7faa3cf872a8 .functor BUFZ 1, C4<z>; HiZ drive
v0x55739049fa90_0 .net "clock", 0 0, o0x7faa3cf872a8;  0 drivers
o0x7faa3cf872d8 .functor BUFZ 1, C4<z>; HiZ drive
v0x55739049fb50_0 .net "reset", 0 0, o0x7faa3cf872d8;  0 drivers
S_0x55739046edc0 .scope module, "source_0x1" "source_0x1" 4 299;
 .timescale 0 0;
    .port_info 0 /INPUT 1 "clock"
    .port_info 1 /INPUT 1 "reset"
    .port_info 2 /OUTPUT 16 "_dfc_wire_4853"
o0x7faa3cf87398 .functor BUFZ 16, C4<zzzzzzzzzzzzzzzz>; HiZ drive
v0x55739049fc70_0 .net "_dfc_wire_4853", 15 0, o0x7faa3cf87398;  0 drivers
o0x7faa3cf873c8 .functor BUFZ 1, C4<z>; HiZ drive
v0x55739049fd50_0 .net "clock", 0 0, o0x7faa3cf873c8;  0 drivers
o0x7faa3cf873f8 .functor BUFZ 1, C4<z>; HiZ drive
v0x55739049fe10_0 .net "reset", 0 0, o0x7faa3cf873f8;  0 drivers
    .scope S_0x55739049d500;
T_0 ;
    %wait E_0x55739041fae0;
    %load/vec4 v0x55739049d9f0_0;
    %nor/r;
    %flag_set/vec4 8;
    %jmp/0xz  T_0.0, 8;
    %pushi/vec4 0, 0, 32;
    %assign/vec4 v0x55739049dd40_0, 0;
    %jmp T_0.1;
T_0.0 ;
    %load/vec4 v0x55739049dd40_0;
    %cmpi/e 0, 0, 32;
    %jmp/0xz  T_0.2, 4;
    %pushi/vec4 1, 0, 32;
    %assign/vec4 v0x55739049dd40_0, 0;
    %load/vec4 v0x55739049d800_0;
    %pad/u 32;
    %assign/vec4 v0x55739049da90_0, 0;
    %jmp T_0.3;
T_0.2 ;
    %load/vec4 v0x55739049dd40_0;
    %cmpi/e 1, 0, 32;
    %jmp/0xz  T_0.4, 4;
    %pushi/vec4 2, 0, 32;
    %assign/vec4 v0x55739049dd40_0, 0;
    %load/vec4 v0x55739049da90_0;
    %assign/vec4 v0x55739049db80_0, 0;
    %jmp T_0.5;
T_0.4 ;
    %load/vec4 v0x55739049dd40_0;
    %cmpi/e 2, 0, 32;
    %jmp/0xz  T_0.6, 4;
    %pushi/vec4 3, 0, 32;
    %assign/vec4 v0x55739049dd40_0, 0;
    %load/vec4 v0x55739049db80_0;
    %assign/vec4 v0x55739049dc60_0, 0;
    %jmp T_0.7;
T_0.6 ;
    %pushi/vec4 0, 0, 32;
    %assign/vec4 v0x55739049dd40_0, 0;
    %load/vec4 v0x55739049dc60_0;
    %pad/u 16;
    %assign/vec4 v0x55739049d8f0_0, 0;
T_0.7 ;
T_0.5 ;
T_0.3 ;
T_0.1 ;
    %jmp T_0;
    .thread T_0;
    .scope S_0x55739049cba0;
T_1 ;
    %wait E_0x55739041fae0;
    %load/vec4 v0x55739049d080_0;
    %nor/r;
    %flag_set/vec4 8;
    %jmp/0xz  T_1.0, 8;
    %pushi/vec4 0, 0, 32;
    %assign/vec4 v0x55739049d3a0_0, 0;
    %jmp T_1.1;
T_1.0 ;
    %load/vec4 v0x55739049d3a0_0;
    %cmpi/e 0, 0, 32;
    %jmp/0xz  T_1.2, 4;
    %pushi/vec4 1, 0, 32;
    %assign/vec4 v0x55739049d3a0_0, 0;
    %load/vec4 v0x55739049cea0_0;
    %pad/u 32;
    %assign/vec4 v0x55739049d120_0, 0;
    %jmp T_1.3;
T_1.2 ;
    %load/vec4 v0x55739049d3a0_0;
    %cmpi/e 1, 0, 32;
    %jmp/0xz  T_1.4, 4;
    %pushi/vec4 2, 0, 32;
    %assign/vec4 v0x55739049d3a0_0, 0;
    %load/vec4 v0x55739049d120_0;
    %assign/vec4 v0x55739049d1e0_0, 0;
    %jmp T_1.5;
T_1.4 ;
    %load/vec4 v0x55739049d3a0_0;
    %cmpi/e 2, 0, 32;
    %jmp/0xz  T_1.6, 4;
    %pushi/vec4 3, 0, 32;
    %assign/vec4 v0x55739049d3a0_0, 0;
    %load/vec4 v0x55739049d1e0_0;
    %assign/vec4 v0x55739049d2c0_0, 0;
    %jmp T_1.7;
T_1.6 ;
    %pushi/vec4 0, 0, 32;
    %assign/vec4 v0x55739049d3a0_0, 0;
    %load/vec4 v0x55739049d2c0_0;
    %pad/u 16;
    %assign/vec4 v0x55739049cf80_0, 0;
T_1.7 ;
T_1.5 ;
T_1.3 ;
T_1.1 ;
    %jmp T_1;
    .thread T_1;
    .scope S_0x55739049afa0;
T_2 ;
    %wait E_0x55739041fae0;
    %load/vec4 v0x55739049b3e0_0;
    %nor/r;
    %flag_set/vec4 8;
    %jmp/0xz  T_2.0, 8;
    %pushi/vec4 0, 0, 32;
    %assign/vec4 v0x55739049b6e0_0, 0;
    %jmp T_2.1;
T_2.0 ;
    %load/vec4 v0x55739049b6e0_0;
    %cmpi/e 0, 0, 32;
    %jmp/0xz  T_2.2, 4;
    %pushi/vec4 1, 0, 32;
    %assign/vec4 v0x55739049b6e0_0, 0;
    %load/vec4 v0x55739049b220_0;
    %pad/u 32;
    %assign/vec4 v0x55739049b480_0, 0;
    %jmp T_2.3;
T_2.2 ;
    %load/vec4 v0x55739049b6e0_0;
    %cmpi/e 1, 0, 32;
    %jmp/0xz  T_2.4, 4;
    %pushi/vec4 2, 0, 32;
    %assign/vec4 v0x55739049b6e0_0, 0;
    %load/vec4 v0x55739049b480_0;
    %assign/vec4 v0x55739049b520_0, 0;
    %jmp T_2.5;
T_2.4 ;
    %load/vec4 v0x55739049b6e0_0;
    %cmpi/e 2, 0, 32;
    %jmp/0xz  T_2.6, 4;
    %pushi/vec4 3, 0, 32;
    %assign/vec4 v0x55739049b6e0_0, 0;
    %load/vec4 v0x55739049b520_0;
    %assign/vec4 v0x55739049b600_0, 0;
    %jmp T_2.7;
T_2.6 ;
    %pushi/vec4 0, 0, 32;
    %assign/vec4 v0x55739049b6e0_0, 0;
    %load/vec4 v0x55739049b600_0;
    %pad/u 16;
    %assign/vec4 v0x55739049b2e0_0, 0;
T_2.7 ;
T_2.5 ;
T_2.3 ;
T_2.1 ;
    %jmp T_2;
    .thread T_2;
    .scope S_0x55739049c1f0;
T_3 ;
    %wait E_0x55739041fae0;
    %load/vec4 v0x55739049c6d0_0;
    %nor/r;
    %flag_set/vec4 8;
    %jmp/0xz  T_3.0, 8;
    %pushi/vec4 0, 0, 32;
    %assign/vec4 v0x55739049ca40_0, 0;
    %jmp T_3.1;
T_3.0 ;
    %load/vec4 v0x55739049ca40_0;
    %cmpi/e 0, 0, 32;
    %jmp/0xz  T_3.2, 4;
    %pushi/vec4 1, 0, 32;
    %assign/vec4 v0x55739049ca40_0, 0;
    %load/vec4 v0x55739049c4f0_0;
    %pad/u 32;
    %assign/vec4 v0x55739049c770_0, 0;
    %jmp T_3.3;
T_3.2 ;
    %load/vec4 v0x55739049ca40_0;
    %cmpi/e 1, 0, 32;
    %jmp/0xz  T_3.4, 4;
    %pushi/vec4 2, 0, 32;
    %assign/vec4 v0x55739049ca40_0, 0;
    %load/vec4 v0x55739049c770_0;
    %assign/vec4 v0x55739049c880_0, 0;
    %jmp T_3.5;
T_3.4 ;
    %load/vec4 v0x55739049ca40_0;
    %cmpi/e 2, 0, 32;
    %jmp/0xz  T_3.6, 4;
    %pushi/vec4 3, 0, 32;
    %assign/vec4 v0x55739049ca40_0, 0;
    %load/vec4 v0x55739049c880_0;
    %assign/vec4 v0x55739049c960_0, 0;
    %jmp T_3.7;
T_3.6 ;
    %pushi/vec4 0, 0, 32;
    %assign/vec4 v0x55739049ca40_0, 0;
    %load/vec4 v0x55739049c960_0;
    %pad/u 16;
    %assign/vec4 v0x55739049c5d0_0, 0;
T_3.7 ;
T_3.5 ;
T_3.3 ;
T_3.1 ;
    %jmp T_3;
    .thread T_3;
    .scope S_0x55739049b840;
T_4 ;
    %wait E_0x55739041fae0;
    %load/vec4 v0x55739049bd20_0;
    %nor/r;
    %flag_set/vec4 8;
    %jmp/0xz  T_4.0, 8;
    %pushi/vec4 0, 0, 32;
    %assign/vec4 v0x55739049c090_0, 0;
    %jmp T_4.1;
T_4.0 ;
    %load/vec4 v0x55739049c090_0;
    %cmpi/e 0, 0, 32;
    %jmp/0xz  T_4.2, 4;
    %pushi/vec4 1, 0, 32;
    %assign/vec4 v0x55739049c090_0, 0;
    %load/vec4 v0x55739049bb40_0;
    %pad/u 32;
    %assign/vec4 v0x55739049bdc0_0, 0;
    %jmp T_4.3;
T_4.2 ;
    %load/vec4 v0x55739049c090_0;
    %cmpi/e 1, 0, 32;
    %jmp/0xz  T_4.4, 4;
    %pushi/vec4 2, 0, 32;
    %assign/vec4 v0x55739049c090_0, 0;
    %load/vec4 v0x55739049bdc0_0;
    %assign/vec4 v0x55739049bed0_0, 0;
    %jmp T_4.5;
T_4.4 ;
    %load/vec4 v0x55739049c090_0;
    %cmpi/e 2, 0, 32;
    %jmp/0xz  T_4.6, 4;
    %pushi/vec4 3, 0, 32;
    %assign/vec4 v0x55739049c090_0, 0;
    %load/vec4 v0x55739049bed0_0;
    %assign/vec4 v0x55739049bfb0_0, 0;
    %jmp T_4.7;
T_4.6 ;
    %pushi/vec4 0, 0, 32;
    %assign/vec4 v0x55739049c090_0, 0;
    %load/vec4 v0x55739049bfb0_0;
    %pad/u 16;
    %assign/vec4 v0x55739049bc20_0, 0;
T_4.7 ;
T_4.5 ;
T_4.3 ;
T_4.1 ;
    %jmp T_4;
    .thread T_4;
    .scope S_0x557390455780;
T_5 ;
    %pushi/vec4 0, 0, 1;
    %store/vec4 v0x55739049f150_0, 0, 1;
    %end;
    .thread T_5;
    .scope S_0x557390455780;
T_6 ;
    %load/vec4 v0x55739049f150_0;
    %inv;
    %store/vec4 v0x55739049f050_0, 0, 1;
    %pushi/vec4 28400, 0, 64;
    %ix/vec4 4;
    %delayx 4;
    %load/vec4 v0x55739049f050_0;
    %store/vec4 v0x55739049f150_0, 0, 1;
    %jmp T_6;
    .thread T_6;
    .scope S_0x557390455780;
T_7 ;
    %vpi_call 2 44 "$dumpvars", 32'sb00000000000000000000000000000000, S_0x557390455780 {0 0 0};
    %wait E_0x55739041fae0;
    %pushi/vec4 0, 0, 1;
    %store/vec4 v0x55739049f210_0, 0, 1;
    %delay 170400, 0;
    %pushi/vec4 1, 0, 1;
    %store/vec4 v0x55739049f210_0, 0, 1;
    %wait E_0x55739041fae0;
    %pushi/vec4 0, 0, 16;
    %store/vec4 v0x55739049f490_0, 0, 16;
    %pushi/vec4 0, 0, 16;
    %store/vec4 v0x55739049f880_0, 0, 16;
    %pushi/vec4 0, 0, 16;
    %store/vec4 v0x55739049f5a0_0, 0, 16;
    %pushi/vec4 0, 0, 16;
    %store/vec4 v0x55739049f6b0_0, 0, 16;
    %pushi/vec4 0, 0, 16;
    %store/vec4 v0x55739049f7c0_0, 0, 16;
    %pushi/vec4 0, 0, 16;
    %store/vec4 v0x55739049f350_0, 0, 16;
    %delay 6816000, 0;
    %vpi_call 2 67 "$finish" {0 0 0};
    %end;
    .thread T_7;
# The file index is used to find the file name in the following table.
:file_names 5;
    "N/A";
    "<interactive>";
    "/home/nikita/Desktop/work/utopia/output/test/dfc/scalar_mul/scalarMulTestbench.v";
    "/home/nikita/Desktop/work/utopia/output/test/dfc/scalar_mul/scalarMulTop.v";
    "/home/nikita/Desktop/work/utopia/output/test/dfc/scalar_mul/scalarMulLib.v";
